[2022-01-27 17:38:20,447] Running step: step_qonnx_to_finn [1/17]
[2022-01-27 17:38:20,450] Running step: step_tidy_up [2/17]
[2022-01-27 17:38:20,633] Running step: step_streamline [3/17]
[2022-01-27 17:38:24,587] /workspace/finn-base/src/finn/transformation/infer_data_layouts.py:119: UserWarning: Assuming 4D input is NCHW
[2022-01-27 17:38:24,587]   warnings.warn("Assuming 4D input is NCHW")
[2022-01-27 17:38:24,609] Running step: step_convert_to_hls [4/17]
[2022-01-27 17:38:24,859] /workspace/finn/src/finn/transformation/fpgadataflow/convert_to_hls_layers.py:64: UserWarning: Im2Col_0 : Input is not int. Can't infer ConvInpGen.
[2022-01-27 17:38:24,859]   warnings.warn(
[2022-01-27 17:38:24,859] /workspace/finn/src/finn/transformation/fpgadataflow/convert_to_hls_layers.py:64: UserWarning: Im2Col_1 : Input is not int. Can't infer ConvInpGen.
[2022-01-27 17:38:24,859]   warnings.warn(
[2022-01-27 17:38:24,958] Running step: step_create_dataflow_partition [5/17]
[2022-01-27 17:38:24,974] Running step: step_target_fps_parallelization [6/17]
[2022-01-27 17:38:24,975] /workspace/finn/src/finn/transformation/fpgadataflow/set_folding.py:181: UserWarning: SetFolding doesn't know how to handle op_type StreamingMaxPool_Batch
[2022-01-27 17:38:24,975]   warnings.warn(
[2022-01-27 17:38:24,975] /workspace/finn/src/finn/transformation/fpgadataflow/set_folding.py:181: UserWarning: SetFolding doesn't know how to handle op_type ConvolutionInputGenerator1D
[2022-01-27 17:38:24,975]   warnings.warn(
[2022-01-27 17:38:24,990] Running step: step_apply_folding_config [7/17]
[2022-01-27 17:38:24,991] Running step: step_generate_estimate_reports [8/17]
[2022-01-27 17:38:24,993] Running step: step_hls_codegen [9/17]
[2022-01-27 17:38:53,114] Running step: step_hls_ipgen [10/17]
[2022-01-27 17:44:45,136] Running step: step_set_fifo_depths [11/17]
[2022-01-27 17:44:45,250] /workspace/finn/src/finn/transformation/fpgadataflow/prepare_ip.py:57: UserWarning: Using pre-existing code for StreamingMaxPool_Batch_0
[2022-01-27 17:44:45,250]   warnings.warn("Using pre-existing code for %s" % node.name)
[2022-01-27 17:44:45,252] /workspace/finn/src/finn/transformation/fpgadataflow/prepare_ip.py:57: UserWarning: Using pre-existing code for Thresholding_Batch_0
[2022-01-27 17:44:45,252]   warnings.warn("Using pre-existing code for %s" % node.name)
[2022-01-27 17:44:45,254] /workspace/finn/src/finn/transformation/fpgadataflow/prepare_ip.py:57: UserWarning: Using pre-existing code for ConvolutionInputGenerator1D_0
[2022-01-27 17:44:45,254]   warnings.warn("Using pre-existing code for %s" % node.name)
[2022-01-27 17:44:45,258] /workspace/finn/src/finn/transformation/fpgadataflow/prepare_ip.py:57: UserWarning: Using pre-existing code for StreamingFCLayer_Batch_0
[2022-01-27 17:44:45,258]   warnings.warn("Using pre-existing code for %s" % node.name)
[2022-01-27 17:44:45,260] /workspace/finn/src/finn/transformation/fpgadataflow/prepare_ip.py:57: UserWarning: Using pre-existing code for StreamingMaxPool_Batch_1
[2022-01-27 17:44:45,260]   warnings.warn("Using pre-existing code for %s" % node.name)
[2022-01-27 17:44:45,262] /workspace/finn/src/finn/transformation/fpgadataflow/prepare_ip.py:57: UserWarning: Using pre-existing code for Thresholding_Batch_1
[2022-01-27 17:44:45,262]   warnings.warn("Using pre-existing code for %s" % node.name)
[2022-01-27 17:44:45,263] /workspace/finn/src/finn/transformation/fpgadataflow/prepare_ip.py:57: UserWarning: Using pre-existing code for ConvolutionInputGenerator1D_1
[2022-01-27 17:44:45,263]   warnings.warn("Using pre-existing code for %s" % node.name)
[2022-01-27 17:44:45,266] /workspace/finn/src/finn/transformation/fpgadataflow/prepare_ip.py:57: UserWarning: Using pre-existing code for StreamingFCLayer_Batch_1
[2022-01-27 17:44:45,266]   warnings.warn("Using pre-existing code for %s" % node.name)
[2022-01-27 17:44:45,268] /workspace/finn/src/finn/transformation/fpgadataflow/prepare_ip.py:57: UserWarning: Using pre-existing code for StreamingMaxPool_Batch_2
[2022-01-27 17:44:45,268]   warnings.warn("Using pre-existing code for %s" % node.name)
[2022-01-27 17:44:45,269] /workspace/finn/src/finn/transformation/fpgadataflow/prepare_ip.py:57: UserWarning: Using pre-existing code for Thresholding_Batch_2
[2022-01-27 17:44:45,269]   warnings.warn("Using pre-existing code for %s" % node.name)
[2022-01-27 17:44:45,271] /workspace/finn/src/finn/transformation/fpgadataflow/prepare_ip.py:57: UserWarning: Using pre-existing code for ConvolutionInputGenerator1D_2
[2022-01-27 17:44:45,271]   warnings.warn("Using pre-existing code for %s" % node.name)
[2022-01-27 17:44:45,273] /workspace/finn/src/finn/transformation/fpgadataflow/prepare_ip.py:57: UserWarning: Using pre-existing code for StreamingFCLayer_Batch_2
[2022-01-27 17:44:45,273]   warnings.warn("Using pre-existing code for %s" % node.name)
[2022-01-27 17:44:45,275] /workspace/finn/src/finn/transformation/fpgadataflow/prepare_ip.py:57: UserWarning: Using pre-existing code for StreamingMaxPool_Batch_3
[2022-01-27 17:44:45,275]   warnings.warn("Using pre-existing code for %s" % node.name)
[2022-01-27 17:44:45,277] /workspace/finn/src/finn/transformation/fpgadataflow/prepare_ip.py:57: UserWarning: Using pre-existing code for Thresholding_Batch_3
[2022-01-27 17:44:45,277]   warnings.warn("Using pre-existing code for %s" % node.name)
[2022-01-27 17:44:45,278] /workspace/finn/src/finn/transformation/fpgadataflow/prepare_ip.py:57: UserWarning: Using pre-existing code for StreamingFCLayer_Batch_3
[2022-01-27 17:44:45,278]   warnings.warn("Using pre-existing code for %s" % node.name)
[2022-01-27 17:44:45,429] /workspace/finn/src/finn/transformation/fpgadataflow/hlssynth_ip.py:71: UserWarning: Using pre-existing IP for Thresholding_Batch_3
[2022-01-27 17:44:45,429] /workspace/finn/src/finn/transformation/fpgadataflow/hlssynth_ip.py:71: UserWarning: Using pre-existing IP for StreamingFCLayer_Batch_3
[2022-01-27 17:44:45,429]   warnings.warn("Using pre-existing IP for %s" % node.name)
[2022-01-27 17:44:45,429]   warnings.warn("Using pre-existing IP for %s" % node.name)
[2022-01-27 17:44:55,288] /workspace/finn/src/finn/transformation/fpgadataflow/hlssynth_ip.py:71: UserWarning: Using pre-existing IP for StreamingMaxPool_Batch_3
[2022-01-27 17:44:55,289]   warnings.warn("Using pre-existing IP for %s" % node.name)
[2022-01-27 17:45:04,853] /workspace/finn/src/finn/transformation/fpgadataflow/hlssynth_ip.py:71: UserWarning: Using pre-existing IP for StreamingFCLayer_Batch_2
[2022-01-27 17:45:04,853]   warnings.warn("Using pre-existing IP for %s" % node.name)
[2022-01-27 17:45:17,930] /workspace/finn/src/finn/transformation/fpgadataflow/hlssynth_ip.py:71: UserWarning: Using pre-existing IP for ConvolutionInputGenerator1D_2
[2022-01-27 17:45:17,931]   warnings.warn("Using pre-existing IP for %s" % node.name)
[2022-01-27 17:45:27,880] /workspace/finn/src/finn/transformation/fpgadataflow/hlssynth_ip.py:71: UserWarning: Using pre-existing IP for Thresholding_Batch_2
[2022-01-27 17:45:27,880]   warnings.warn("Using pre-existing IP for %s" % node.name)
[2022-01-27 17:45:47,383] /workspace/finn/src/finn/transformation/fpgadataflow/hlssynth_ip.py:71: UserWarning: Using pre-existing IP for StreamingMaxPool_Batch_2
[2022-01-27 17:45:47,383]   warnings.warn("Using pre-existing IP for %s" % node.name)
[2022-01-27 17:46:06,895] /workspace/finn/src/finn/transformation/fpgadataflow/hlssynth_ip.py:71: UserWarning: Using pre-existing IP for StreamingFCLayer_Batch_1
[2022-01-27 17:46:06,895]   warnings.warn("Using pre-existing IP for %s" % node.name)
[2022-01-27 17:46:19,010] /workspace/finn/src/finn/transformation/fpgadataflow/hlssynth_ip.py:71: UserWarning: Using pre-existing IP for ConvolutionInputGenerator1D_1
[2022-01-27 17:46:19,010]   warnings.warn("Using pre-existing IP for %s" % node.name)
[2022-01-27 17:46:29,149] /workspace/finn/src/finn/transformation/fpgadataflow/hlssynth_ip.py:71: UserWarning: Using pre-existing IP for Thresholding_Batch_1
[2022-01-27 17:46:29,149]   warnings.warn("Using pre-existing IP for %s" % node.name)
[2022-01-27 17:46:39,587] /workspace/finn/src/finn/transformation/fpgadataflow/hlssynth_ip.py:71: UserWarning: Using pre-existing IP for StreamingMaxPool_Batch_1
[2022-01-27 17:46:39,587]   warnings.warn("Using pre-existing IP for %s" % node.name)
[2022-01-27 17:46:56,219] /workspace/finn/src/finn/transformation/fpgadataflow/hlssynth_ip.py:71: UserWarning: Using pre-existing IP for StreamingFCLayer_Batch_0
[2022-01-27 17:46:56,219]   warnings.warn("Using pre-existing IP for %s" % node.name)
[2022-01-27 17:47:07,366] /workspace/finn/src/finn/transformation/fpgadataflow/hlssynth_ip.py:71: UserWarning: Using pre-existing IP for ConvolutionInputGenerator1D_0
[2022-01-27 17:47:07,366]   warnings.warn("Using pre-existing IP for %s" % node.name)
[2022-01-27 17:47:20,218] /workspace/finn/src/finn/transformation/fpgadataflow/hlssynth_ip.py:71: UserWarning: Using pre-existing IP for Thresholding_Batch_0
[2022-01-27 17:47:20,218]   warnings.warn("Using pre-existing IP for %s" % node.name)
[2022-01-27 17:47:32,298] /workspace/finn/src/finn/transformation/fpgadataflow/hlssynth_ip.py:71: UserWarning: Using pre-existing IP for StreamingMaxPool_Batch_0
[2022-01-27 17:47:32,298]   warnings.warn("Using pre-existing IP for %s" % node.name)
[2022-01-27 17:48:40,108] make: Entering directory '/tmp/finn_dev_floodd1@ad.mee.tcd.ie/pyverilator_ipstitched_015o5mt3'
[2022-01-27 17:48:40,108] g++  -I.  -MMD -I/usr/share/verilator/include -I/usr/share/verilator/include/vltstd -DVL_PRINTF=printf -DVM_COVERAGE=0 -DVM_SC=0 -DVM_TRACE=1 -faligned-new -Wno-sign-compare -Wno-uninitialized -Wno-unused-but-set-variable -Wno-unused-parameter -Wno-unused-variable -Wno-shadow     -fPIC --std=c++11   -c -o pyverilator_wrapper.o /tmp/finn_dev_floodd1@ad.mee.tcd.ie/pyverilator_ipstitched_015o5mt3/pyverilator_wrapper.cpp
[2022-01-27 17:48:40,108] g++  -I.  -MMD -I/usr/share/verilator/include -I/usr/share/verilator/include/vltstd -DVL_PRINTF=printf -DVM_COVERAGE=0 -DVM_SC=0 -DVM_TRACE=1 -faligned-new -Wno-sign-compare -Wno-uninitialized -Wno-unused-but-set-variable -Wno-unused-parameter -Wno-unused-variable -Wno-shadow     -fPIC --std=c++11   -c -o verilated.o /usr/share/verilator/include/verilated.cpp
[2022-01-27 17:48:40,109] g++  -I.  -MMD -I/usr/share/verilator/include -I/usr/share/verilator/include/vltstd -DVL_PRINTF=printf -DVM_COVERAGE=0 -DVM_SC=0 -DVM_TRACE=1 -faligned-new -Wno-sign-compare -Wno-uninitialized -Wno-unused-but-set-variable -Wno-unused-parameter -Wno-unused-variable -Wno-shadow     -fPIC --std=c++11   -c -o verilated_vcd_c.o /usr/share/verilator/include/verilated_vcd_c.cpp
[2022-01-27 17:48:40,109] /usr/bin/perl /usr/share/verilator/bin/verilator_includer -DVL_INCLUDE_OPT=include Vfinn_design_wrapper.cpp > Vfinn_design_wrapper__ALLcls.cpp
[2022-01-27 17:48:40,109] g++  -I.  -MMD -I/usr/share/verilator/include -I/usr/share/verilator/include/vltstd -DVL_PRINTF=printf -DVM_COVERAGE=0 -DVM_SC=0 -DVM_TRACE=1 -faligned-new -Wno-sign-compare -Wno-uninitialized -Wno-unused-but-set-variable -Wno-unused-parameter -Wno-unused-variable -Wno-shadow     -fPIC --std=c++11   -c -o Vfinn_design_wrapper__ALLcls.o Vfinn_design_wrapper__ALLcls.cpp
[2022-01-27 17:48:40,109] /usr/bin/perl /usr/share/verilator/bin/verilator_includer -DVL_INCLUDE_OPT=include Vfinn_design_wrapper__Trace.cpp Vfinn_design_wrapper__Syms.cpp Vfinn_design_wrapper__Trace__Slow.cpp > Vfinn_design_wrapper__ALLsup.cpp
[2022-01-27 17:48:40,109] g++  -I.  -MMD -I/usr/share/verilator/include -I/usr/share/verilator/include/vltstd -DVL_PRINTF=printf -DVM_COVERAGE=0 -DVM_SC=0 -DVM_TRACE=1 -faligned-new -Wno-sign-compare -Wno-uninitialized -Wno-unused-but-set-variable -Wno-unused-parameter -Wno-unused-variable -Wno-shadow     -fPIC --std=c++11   -c -o Vfinn_design_wrapper__ALLsup.o Vfinn_design_wrapper__ALLsup.cpp
[2022-01-27 17:48:40,109]       Archiving Vfinn_design_wrapper__ALL.a ...
[2022-01-27 17:48:40,109] ar r Vfinn_design_wrapper__ALL.a Vfinn_design_wrapper__ALLcls.o Vfinn_design_wrapper__ALLsup.o
[2022-01-27 17:48:40,109] ranlib Vfinn_design_wrapper__ALL.a
[2022-01-27 17:48:40,109] g++ -fPIC -shared pyverilator_wrapper.o verilated.o verilated_vcd_c.o Vfinn_design_wrapper__ALL.a    -o Vfinn_design_wrapper -lm -lstdc++  2>&1 | c++filt
[2022-01-27 17:48:40,109] make: Leaving directory '/tmp/finn_dev_floodd1@ad.mee.tcd.ie/pyverilator_ipstitched_015o5mt3'
[2022-01-27 17:48:40,109] ar: creating Vfinn_design_wrapper__ALL.a
[2022-01-27 19:31:18,382] /workspace/finn/src/finn/transformation/fpgadataflow/prepare_ip.py:57: UserWarning: Using pre-existing code for StreamingMaxPool_Batch_0
[2022-01-27 19:31:18,382]   warnings.warn("Using pre-existing code for %s" % node.name)
[2022-01-27 19:31:18,382] /workspace/finn/src/finn/transformation/fpgadataflow/prepare_ip.py:57: UserWarning: Using pre-existing code for StreamingDataWidthConverter_Batch_0
[2022-01-27 19:31:18,382]   warnings.warn("Using pre-existing code for %s" % node.name)
[2022-01-27 19:31:18,382] /workspace/finn/src/finn/transformation/fpgadataflow/prepare_ip.py:57: UserWarning: Using pre-existing code for Thresholding_Batch_0
[2022-01-27 19:31:18,382]   warnings.warn("Using pre-existing code for %s" % node.name)
[2022-01-27 19:31:18,382] /workspace/finn/src/finn/transformation/fpgadataflow/prepare_ip.py:57: UserWarning: Using pre-existing code for StreamingDataWidthConverter_Batch_1
[2022-01-27 19:31:18,382]   warnings.warn("Using pre-existing code for %s" % node.name)
[2022-01-27 19:31:18,383] /workspace/finn/src/finn/transformation/fpgadataflow/prepare_ip.py:57: UserWarning: Using pre-existing code for ConvolutionInputGenerator1D_0
[2022-01-27 19:31:18,383]   warnings.warn("Using pre-existing code for %s" % node.name)
[2022-01-27 19:31:18,383] /workspace/finn/src/finn/transformation/fpgadataflow/prepare_ip.py:57: UserWarning: Using pre-existing code for StreamingDataWidthConverter_Batch_2
[2022-01-27 19:31:18,383]   warnings.warn("Using pre-existing code for %s" % node.name)
[2022-01-27 19:31:18,383] /workspace/finn/src/finn/transformation/fpgadataflow/prepare_ip.py:57: UserWarning: Using pre-existing code for StreamingFCLayer_Batch_0
[2022-01-27 19:31:18,383]   warnings.warn("Using pre-existing code for %s" % node.name)
[2022-01-27 19:31:18,384] /workspace/finn/src/finn/transformation/fpgadataflow/prepare_ip.py:57: UserWarning: Using pre-existing code for StreamingDataWidthConverter_Batch_3
[2022-01-27 19:31:18,384]   warnings.warn("Using pre-existing code for %s" % node.name)
[2022-01-27 19:31:18,384] /workspace/finn/src/finn/transformation/fpgadataflow/prepare_ip.py:57: UserWarning: Using pre-existing code for StreamingMaxPool_Batch_1
[2022-01-27 19:31:18,384]   warnings.warn("Using pre-existing code for %s" % node.name)
[2022-01-27 19:31:18,384] /workspace/finn/src/finn/transformation/fpgadataflow/prepare_ip.py:57: UserWarning: Using pre-existing code for StreamingDataWidthConverter_Batch_4
[2022-01-27 19:31:18,384]   warnings.warn("Using pre-existing code for %s" % node.name)
[2022-01-27 19:31:18,384] /workspace/finn/src/finn/transformation/fpgadataflow/prepare_ip.py:57: UserWarning: Using pre-existing code for Thresholding_Batch_1
[2022-01-27 19:31:18,384]   warnings.warn("Using pre-existing code for %s" % node.name)
[2022-01-27 19:31:18,384] /workspace/finn/src/finn/transformation/fpgadataflow/prepare_ip.py:57: UserWarning: Using pre-existing code for StreamingDataWidthConverter_Batch_5
[2022-01-27 19:31:18,384]   warnings.warn("Using pre-existing code for %s" % node.name)
[2022-01-27 19:31:18,384] /workspace/finn/src/finn/transformation/fpgadataflow/prepare_ip.py:57: UserWarning: Using pre-existing code for ConvolutionInputGenerator1D_1
[2022-01-27 19:31:18,384]   warnings.warn("Using pre-existing code for %s" % node.name)
[2022-01-27 19:31:18,384] /workspace/finn/src/finn/transformation/fpgadataflow/prepare_ip.py:57: UserWarning: Using pre-existing code for StreamingDataWidthConverter_Batch_6
[2022-01-27 19:31:18,384]   warnings.warn("Using pre-existing code for %s" % node.name)
[2022-01-27 19:31:18,385] /workspace/finn/src/finn/transformation/fpgadataflow/prepare_ip.py:57: UserWarning: Using pre-existing code for StreamingFCLayer_Batch_1
[2022-01-27 19:31:18,385]   warnings.warn("Using pre-existing code for %s" % node.name)
[2022-01-27 19:31:18,385] /workspace/finn/src/finn/transformation/fpgadataflow/prepare_ip.py:57: UserWarning: Using pre-existing code for StreamingDataWidthConverter_Batch_7
[2022-01-27 19:31:18,385]   warnings.warn("Using pre-existing code for %s" % node.name)
[2022-01-27 19:31:18,385] /workspace/finn/src/finn/transformation/fpgadataflow/prepare_ip.py:57: UserWarning: Using pre-existing code for StreamingMaxPool_Batch_2
[2022-01-27 19:31:18,385]   warnings.warn("Using pre-existing code for %s" % node.name)
[2022-01-27 19:31:18,386] /workspace/finn/src/finn/transformation/fpgadataflow/prepare_ip.py:57: UserWarning: Using pre-existing code for StreamingDataWidthConverter_Batch_8
[2022-01-27 19:31:18,386]   warnings.warn("Using pre-existing code for %s" % node.name)
[2022-01-27 19:31:18,386] /workspace/finn/src/finn/transformation/fpgadataflow/prepare_ip.py:57: UserWarning: Using pre-existing code for Thresholding_Batch_2
[2022-01-27 19:31:18,386]   warnings.warn("Using pre-existing code for %s" % node.name)
[2022-01-27 19:31:18,386] /workspace/finn/src/finn/transformation/fpgadataflow/prepare_ip.py:57: UserWarning: Using pre-existing code for StreamingDataWidthConverter_Batch_9
[2022-01-27 19:31:18,386]   warnings.warn("Using pre-existing code for %s" % node.name)
[2022-01-27 19:31:18,386] /workspace/finn/src/finn/transformation/fpgadataflow/prepare_ip.py:57: UserWarning: Using pre-existing code for ConvolutionInputGenerator1D_2
[2022-01-27 19:31:18,386]   warnings.warn("Using pre-existing code for %s" % node.name)
[2022-01-27 19:31:18,386] /workspace/finn/src/finn/transformation/fpgadataflow/prepare_ip.py:57: UserWarning: Using pre-existing code for StreamingDataWidthConverter_Batch_10
[2022-01-27 19:31:18,386]   warnings.warn("Using pre-existing code for %s" % node.name)
[2022-01-27 19:31:18,387] /workspace/finn/src/finn/transformation/fpgadataflow/prepare_ip.py:57: UserWarning: Using pre-existing code for StreamingFCLayer_Batch_2
[2022-01-27 19:31:18,387]   warnings.warn("Using pre-existing code for %s" % node.name)
[2022-01-27 19:31:18,387] /workspace/finn/src/finn/transformation/fpgadataflow/prepare_ip.py:57: UserWarning: Using pre-existing code for StreamingDataWidthConverter_Batch_11
[2022-01-27 19:31:18,387]   warnings.warn("Using pre-existing code for %s" % node.name)
[2022-01-27 19:31:18,387] /workspace/finn/src/finn/transformation/fpgadataflow/prepare_ip.py:57: UserWarning: Using pre-existing code for StreamingMaxPool_Batch_3
[2022-01-27 19:31:18,387]   warnings.warn("Using pre-existing code for %s" % node.name)
[2022-01-27 19:31:18,387] /workspace/finn/src/finn/transformation/fpgadataflow/prepare_ip.py:57: UserWarning: Using pre-existing code for StreamingDataWidthConverter_Batch_12
[2022-01-27 19:31:18,387]   warnings.warn("Using pre-existing code for %s" % node.name)
[2022-01-27 19:31:18,387] /workspace/finn/src/finn/transformation/fpgadataflow/prepare_ip.py:57: UserWarning: Using pre-existing code for Thresholding_Batch_3
[2022-01-27 19:31:18,387]   warnings.warn("Using pre-existing code for %s" % node.name)
[2022-01-27 19:31:18,388] /workspace/finn/src/finn/transformation/fpgadataflow/prepare_ip.py:57: UserWarning: Using pre-existing code for StreamingFCLayer_Batch_3
[2022-01-27 19:31:18,388]   warnings.warn("Using pre-existing code for %s" % node.name)
[2022-01-27 19:31:18,532] /workspace/finn/src/finn/transformation/fpgadataflow/hlssynth_ip.py:71: UserWarning: Using pre-existing IP for StreamingFCLayer_Batch_3
[2022-01-27 19:31:18,532]   warnings.warn("Using pre-existing IP for %s" % node.name)
[2022-01-27 19:31:18,532] /workspace/finn/src/finn/transformation/fpgadataflow/hlssynth_ip.py:71: UserWarning: Using pre-existing IP for StreamingDataWidthConverter_Batch_12
[2022-01-27 19:31:18,532] /workspace/finn/src/finn/transformation/fpgadataflow/hlssynth_ip.py:71: UserWarning: Using pre-existing IP for Thresholding_Batch_3
[2022-01-27 19:31:18,532]   warnings.warn("Using pre-existing IP for %s" % node.name)
[2022-01-27 19:31:18,532]   warnings.warn("Using pre-existing IP for %s" % node.name)
[2022-01-27 19:31:18,532] /workspace/finn/src/finn/transformation/fpgadataflow/hlssynth_ip.py:71: UserWarning: Using pre-existing IP for StreamingMaxPool_Batch_3
[2022-01-27 19:31:18,532]   warnings.warn("Using pre-existing IP for %s" % node.name)
[2022-01-27 19:31:18,532] /workspace/finn/src/finn/transformation/fpgadataflow/hlssynth_ip.py:71: UserWarning: Using pre-existing IP for StreamingDataWidthConverter_Batch_11
[2022-01-27 19:31:18,533]   warnings.warn("Using pre-existing IP for %s" % node.name)
[2022-01-27 19:31:18,533] /workspace/finn/src/finn/transformation/fpgadataflow/hlssynth_ip.py:71: UserWarning: Using pre-existing IP for StreamingFCLayer_Batch_2
[2022-01-27 19:31:18,533]   warnings.warn("Using pre-existing IP for %s" % node.name)
[2022-01-27 19:31:18,533] /workspace/finn/src/finn/transformation/fpgadataflow/hlssynth_ip.py:71: UserWarning: Using pre-existing IP for StreamingDataWidthConverter_Batch_10
[2022-01-27 19:31:18,533]   warnings.warn("Using pre-existing IP for %s" % node.name)
[2022-01-27 19:31:18,533] /workspace/finn/src/finn/transformation/fpgadataflow/hlssynth_ip.py:71: UserWarning: Using pre-existing IP for ConvolutionInputGenerator1D_2
[2022-01-27 19:31:18,533]   warnings.warn("Using pre-existing IP for %s" % node.name)
[2022-01-27 19:31:18,533] /workspace/finn/src/finn/transformation/fpgadataflow/hlssynth_ip.py:71: UserWarning: Using pre-existing IP for StreamingDataWidthConverter_Batch_9
[2022-01-27 19:31:18,533]   warnings.warn("Using pre-existing IP for %s" % node.name)
[2022-01-27 19:31:18,534] /workspace/finn/src/finn/transformation/fpgadataflow/hlssynth_ip.py:71: UserWarning: Using pre-existing IP for StreamingMaxPool_Batch_2
[2022-01-27 19:31:18,534] /workspace/finn/src/finn/transformation/fpgadataflow/hlssynth_ip.py:71: UserWarning: Using pre-existing IP for StreamingDataWidthConverter_Batch_8
[2022-01-27 19:31:18,534] /workspace/finn/src/finn/transformation/fpgadataflow/hlssynth_ip.py:71: UserWarning: Using pre-existing IP for Thresholding_Batch_2
[2022-01-27 19:31:18,534]   warnings.warn("Using pre-existing IP for %s" % node.name)
[2022-01-27 19:31:18,534]   warnings.warn("Using pre-existing IP for %s" % node.name)
[2022-01-27 19:31:18,534]   warnings.warn("Using pre-existing IP for %s" % node.name)
[2022-01-27 19:31:18,534] /workspace/finn/src/finn/transformation/fpgadataflow/hlssynth_ip.py:71: UserWarning: Using pre-existing IP for StreamingDataWidthConverter_Batch_7
[2022-01-27 19:31:18,534]   warnings.warn("Using pre-existing IP for %s" % node.name)
[2022-01-27 19:31:18,534] /workspace/finn/src/finn/transformation/fpgadataflow/hlssynth_ip.py:71: UserWarning: Using pre-existing IP for StreamingFCLayer_Batch_1
[2022-01-27 19:31:18,534]   warnings.warn("Using pre-existing IP for %s" % node.name)
[2022-01-27 19:31:18,535] /workspace/finn/src/finn/transformation/fpgadataflow/hlssynth_ip.py:71: UserWarning: Using pre-existing IP for StreamingDataWidthConverter_Batch_6
[2022-01-27 19:31:18,535]   warnings.warn("Using pre-existing IP for %s" % node.name)
[2022-01-27 19:31:18,535] /workspace/finn/src/finn/transformation/fpgadataflow/hlssynth_ip.py:71: UserWarning: Using pre-existing IP for ConvolutionInputGenerator1D_1
[2022-01-27 19:31:18,535]   warnings.warn("Using pre-existing IP for %s" % node.name)
[2022-01-27 19:31:18,535] /workspace/finn/src/finn/transformation/fpgadataflow/hlssynth_ip.py:71: UserWarning: Using pre-existing IP for StreamingDataWidthConverter_Batch_5
[2022-01-27 19:31:18,535]   warnings.warn("Using pre-existing IP for %s" % node.name)
[2022-01-27 19:31:18,536] /workspace/finn/src/finn/transformation/fpgadataflow/hlssynth_ip.py:71: UserWarning: Using pre-existing IP for Thresholding_Batch_1
[2022-01-27 19:31:18,536] /workspace/finn/src/finn/transformation/fpgadataflow/hlssynth_ip.py:71: UserWarning: Using pre-existing IP for StreamingDataWidthConverter_Batch_4
[2022-01-27 19:31:18,536]   warnings.warn("Using pre-existing IP for %s" % node.name)
[2022-01-27 19:31:18,536]   warnings.warn("Using pre-existing IP for %s" % node.name)
[2022-01-27 19:31:18,536] /workspace/finn/src/finn/transformation/fpgadataflow/hlssynth_ip.py:71: UserWarning: Using pre-existing IP for StreamingDataWidthConverter_Batch_3
[2022-01-27 19:31:18,536] /workspace/finn/src/finn/transformation/fpgadataflow/hlssynth_ip.py:71: UserWarning: Using pre-existing IP for StreamingMaxPool_Batch_1
[2022-01-27 19:31:18,536]   warnings.warn("Using pre-existing IP for %s" % node.name)
[2022-01-27 19:31:18,536]   warnings.warn("Using pre-existing IP for %s" % node.name)
[2022-01-27 19:31:18,537] /workspace/finn/src/finn/transformation/fpgadataflow/hlssynth_ip.py:71: UserWarning: Using pre-existing IP for StreamingFCLayer_Batch_0
[2022-01-27 19:31:18,537]   warnings.warn("Using pre-existing IP for %s" % node.name)
[2022-01-27 19:31:18,537] /workspace/finn/src/finn/transformation/fpgadataflow/hlssynth_ip.py:71: UserWarning: Using pre-existing IP for StreamingDataWidthConverter_Batch_2
[2022-01-27 19:31:18,537]   warnings.warn("Using pre-existing IP for %s" % node.name)
[2022-01-27 19:31:18,538] /workspace/finn/src/finn/transformation/fpgadataflow/hlssynth_ip.py:71: UserWarning: Using pre-existing IP for ConvolutionInputGenerator1D_0
[2022-01-27 19:31:18,538]   warnings.warn("Using pre-existing IP for %s" % node.name)
[2022-01-27 19:31:18,538] /workspace/finn/src/finn/transformation/fpgadataflow/hlssynth_ip.py:71: UserWarning: Using pre-existing IP for StreamingDataWidthConverter_Batch_1
[2022-01-27 19:31:18,538]   warnings.warn("Using pre-existing IP for %s" % node.name)
[2022-01-27 19:31:18,539] /workspace/finn/src/finn/transformation/fpgadataflow/hlssynth_ip.py:71: UserWarning: Using pre-existing IP for Thresholding_Batch_0
[2022-01-27 19:31:18,539]   warnings.warn("Using pre-existing IP for %s" % node.name)
[2022-01-27 19:31:18,539] /workspace/finn/src/finn/transformation/fpgadataflow/hlssynth_ip.py:71: UserWarning: Using pre-existing IP for StreamingDataWidthConverter_Batch_0
[2022-01-27 19:31:18,539]   warnings.warn("Using pre-existing IP for %s" % node.name)
[2022-01-27 19:31:18,539] /workspace/finn/src/finn/transformation/fpgadataflow/hlssynth_ip.py:71: UserWarning: Using pre-existing IP for StreamingMaxPool_Batch_0
[2022-01-27 19:31:18,540]   warnings.warn("Using pre-existing IP for %s" % node.name)
[2022-01-27 19:31:29,422] Running step: step_create_stitched_ip [12/17]
[2022-01-27 19:31:29,425] Running step: step_measure_rtlsim_performance [13/17]
[2022-01-27 19:31:29,427] Running step: step_out_of_context_synthesis [14/17]
[2022-01-27 19:31:29,429] Running step: step_synthesize_bitfile [15/17]
[2022-01-27 19:31:29,526] /workspace/finn/src/finn/transformation/fpgadataflow/floorplan.py:107: UserWarning: 34 nodes have no entry in the provided floorplan, SLR was set to -1
[2022-01-27 19:31:29,526]   warnings.warn(
[2022-01-27 19:32:12,722] /workspace/finn/src/finn/transformation/fpgadataflow/insert_fifo.py:201: UserWarning: Overriding output FIFO depth to 32
[2022-01-27 19:32:12,722]   warnings.warn("Overriding output FIFO depth to 32")
[2022-01-27 19:32:12,733] /workspace/finn/src/finn/transformation/fpgadataflow/prepare_ip.py:57: UserWarning: Using pre-existing code for StreamingDataflowPartition_1_StreamingFIFO_0
[2022-01-27 19:32:12,733]   warnings.warn("Using pre-existing code for %s" % node.name)
[2022-01-27 19:32:12,734] /workspace/finn/src/finn/transformation/fpgadataflow/prepare_ip.py:57: UserWarning: Using pre-existing code for StreamingDataflowPartition_1_StreamingMaxPool_Batch_0
[2022-01-27 19:32:12,734]   warnings.warn("Using pre-existing code for %s" % node.name)
[2022-01-27 19:32:12,734] /workspace/finn/src/finn/transformation/fpgadataflow/prepare_ip.py:57: UserWarning: Using pre-existing code for StreamingDataflowPartition_1_StreamingDataWidthConverter_Batch_0
[2022-01-27 19:32:12,734]   warnings.warn("Using pre-existing code for %s" % node.name)
[2022-01-27 19:32:12,734] /workspace/finn/src/finn/transformation/fpgadataflow/prepare_ip.py:57: UserWarning: Using pre-existing code for StreamingDataflowPartition_1_Thresholding_Batch_0
[2022-01-27 19:32:12,734]   warnings.warn("Using pre-existing code for %s" % node.name)
[2022-01-27 19:32:12,734] /workspace/finn/src/finn/transformation/fpgadataflow/prepare_ip.py:57: UserWarning: Using pre-existing code for StreamingDataflowPartition_1_StreamingDataWidthConverter_Batch_1
[2022-01-27 19:32:12,734]   warnings.warn("Using pre-existing code for %s" % node.name)
[2022-01-27 19:32:12,734] /workspace/finn/src/finn/transformation/fpgadataflow/prepare_ip.py:57: UserWarning: Using pre-existing code for StreamingDataflowPartition_1_ConvolutionInputGenerator1D_0
[2022-01-27 19:32:12,734]   warnings.warn("Using pre-existing code for %s" % node.name)
[2022-01-27 19:32:12,734] /workspace/finn/src/finn/transformation/fpgadataflow/prepare_ip.py:57: UserWarning: Using pre-existing code for StreamingDataflowPartition_1_StreamingDataWidthConverter_Batch_2
[2022-01-27 19:32:12,734]   warnings.warn("Using pre-existing code for %s" % node.name)
[2022-01-27 19:32:12,735] /workspace/finn/src/finn/transformation/fpgadataflow/prepare_ip.py:57: UserWarning: Using pre-existing code for StreamingDataflowPartition_1_StreamingFIFO_1
[2022-01-27 19:32:12,735]   warnings.warn("Using pre-existing code for %s" % node.name)
[2022-01-27 19:32:12,735] /workspace/finn/src/finn/transformation/fpgadataflow/prepare_ip.py:57: UserWarning: Using pre-existing code for StreamingDataflowPartition_1_StreamingFCLayer_Batch_0
[2022-01-27 19:32:12,735]   warnings.warn("Using pre-existing code for %s" % node.name)
[2022-01-27 19:32:12,735] /workspace/finn/src/finn/transformation/fpgadataflow/prepare_ip.py:57: UserWarning: Using pre-existing code for StreamingDataflowPartition_1_StreamingDataWidthConverter_Batch_3
[2022-01-27 19:32:12,735]   warnings.warn("Using pre-existing code for %s" % node.name)
[2022-01-27 19:32:12,735] /workspace/finn/src/finn/transformation/fpgadataflow/prepare_ip.py:57: UserWarning: Using pre-existing code for StreamingDataflowPartition_1_StreamingMaxPool_Batch_1
[2022-01-27 19:32:12,735]   warnings.warn("Using pre-existing code for %s" % node.name)
[2022-01-27 19:32:12,735] /workspace/finn/src/finn/transformation/fpgadataflow/prepare_ip.py:57: UserWarning: Using pre-existing code for StreamingDataflowPartition_1_StreamingDataWidthConverter_Batch_4
[2022-01-27 19:32:12,735]   warnings.warn("Using pre-existing code for %s" % node.name)
[2022-01-27 19:32:12,735] /workspace/finn/src/finn/transformation/fpgadataflow/prepare_ip.py:57: UserWarning: Using pre-existing code for StreamingDataflowPartition_1_Thresholding_Batch_1
[2022-01-27 19:32:12,735]   warnings.warn("Using pre-existing code for %s" % node.name)
[2022-01-27 19:32:12,735] /workspace/finn/src/finn/transformation/fpgadataflow/prepare_ip.py:57: UserWarning: Using pre-existing code for StreamingDataflowPartition_1_StreamingDataWidthConverter_Batch_5
[2022-01-27 19:32:12,735]   warnings.warn("Using pre-existing code for %s" % node.name)
[2022-01-27 19:32:12,736] /workspace/finn/src/finn/transformation/fpgadataflow/prepare_ip.py:57: UserWarning: Using pre-existing code for StreamingDataflowPartition_1_ConvolutionInputGenerator1D_1
[2022-01-27 19:32:12,736]   warnings.warn("Using pre-existing code for %s" % node.name)
[2022-01-27 19:32:12,736] /workspace/finn/src/finn/transformation/fpgadataflow/prepare_ip.py:57: UserWarning: Using pre-existing code for StreamingDataflowPartition_1_StreamingDataWidthConverter_Batch_6
[2022-01-27 19:32:12,736]   warnings.warn("Using pre-existing code for %s" % node.name)
[2022-01-27 19:32:12,736] /workspace/finn/src/finn/transformation/fpgadataflow/prepare_ip.py:57: UserWarning: Using pre-existing code for StreamingDataflowPartition_1_StreamingFIFO_2
[2022-01-27 19:32:12,736]   warnings.warn("Using pre-existing code for %s" % node.name)
[2022-01-27 19:32:12,736] /workspace/finn/src/finn/transformation/fpgadataflow/prepare_ip.py:57: UserWarning: Using pre-existing code for StreamingDataflowPartition_1_StreamingFCLayer_Batch_1
[2022-01-27 19:32:12,736]   warnings.warn("Using pre-existing code for %s" % node.name)
[2022-01-27 19:32:12,736] /workspace/finn/src/finn/transformation/fpgadataflow/prepare_ip.py:57: UserWarning: Using pre-existing code for StreamingDataflowPartition_1_StreamingDataWidthConverter_Batch_7
[2022-01-27 19:32:12,736]   warnings.warn("Using pre-existing code for %s" % node.name)
[2022-01-27 19:32:12,736] /workspace/finn/src/finn/transformation/fpgadataflow/prepare_ip.py:57: UserWarning: Using pre-existing code for StreamingDataflowPartition_1_StreamingMaxPool_Batch_2
[2022-01-27 19:32:12,736]   warnings.warn("Using pre-existing code for %s" % node.name)
[2022-01-27 19:32:12,736] /workspace/finn/src/finn/transformation/fpgadataflow/prepare_ip.py:57: UserWarning: Using pre-existing code for StreamingDataflowPartition_1_StreamingDataWidthConverter_Batch_8
[2022-01-27 19:32:12,737]   warnings.warn("Using pre-existing code for %s" % node.name)
[2022-01-27 19:32:12,737] /workspace/finn/src/finn/transformation/fpgadataflow/prepare_ip.py:57: UserWarning: Using pre-existing code for StreamingDataflowPartition_1_Thresholding_Batch_2
[2022-01-27 19:32:12,737]   warnings.warn("Using pre-existing code for %s" % node.name)
[2022-01-27 19:32:12,737] /workspace/finn/src/finn/transformation/fpgadataflow/prepare_ip.py:57: UserWarning: Using pre-existing code for StreamingDataflowPartition_1_StreamingDataWidthConverter_Batch_9
[2022-01-27 19:32:12,737]   warnings.warn("Using pre-existing code for %s" % node.name)
[2022-01-27 19:32:12,737] /workspace/finn/src/finn/transformation/fpgadataflow/prepare_ip.py:57: UserWarning: Using pre-existing code for StreamingDataflowPartition_1_ConvolutionInputGenerator1D_2
[2022-01-27 19:32:12,737]   warnings.warn("Using pre-existing code for %s" % node.name)
[2022-01-27 19:32:12,737] /workspace/finn/src/finn/transformation/fpgadataflow/prepare_ip.py:57: UserWarning: Using pre-existing code for StreamingDataflowPartition_1_StreamingDataWidthConverter_Batch_10
[2022-01-27 19:32:12,737]   warnings.warn("Using pre-existing code for %s" % node.name)
[2022-01-27 19:32:12,737] /workspace/finn/src/finn/transformation/fpgadataflow/prepare_ip.py:57: UserWarning: Using pre-existing code for StreamingDataflowPartition_1_StreamingFIFO_3
[2022-01-27 19:32:12,737]   warnings.warn("Using pre-existing code for %s" % node.name)
[2022-01-27 19:32:12,737] /workspace/finn/src/finn/transformation/fpgadataflow/prepare_ip.py:57: UserWarning: Using pre-existing code for StreamingDataflowPartition_1_StreamingFCLayer_Batch_2
[2022-01-27 19:32:12,737]   warnings.warn("Using pre-existing code for %s" % node.name)
[2022-01-27 19:32:12,738] /workspace/finn/src/finn/transformation/fpgadataflow/prepare_ip.py:57: UserWarning: Using pre-existing code for StreamingDataflowPartition_1_StreamingDataWidthConverter_Batch_11
[2022-01-27 19:32:12,738]   warnings.warn("Using pre-existing code for %s" % node.name)
[2022-01-27 19:32:12,738] /workspace/finn/src/finn/transformation/fpgadataflow/prepare_ip.py:57: UserWarning: Using pre-existing code for StreamingDataflowPartition_1_StreamingMaxPool_Batch_3
[2022-01-27 19:32:12,738]   warnings.warn("Using pre-existing code for %s" % node.name)
[2022-01-27 19:32:12,738] /workspace/finn/src/finn/transformation/fpgadataflow/prepare_ip.py:57: UserWarning: Using pre-existing code for StreamingDataflowPartition_1_StreamingDataWidthConverter_Batch_12
[2022-01-27 19:32:12,738]   warnings.warn("Using pre-existing code for %s" % node.name)
[2022-01-27 19:32:12,738] /workspace/finn/src/finn/transformation/fpgadataflow/prepare_ip.py:57: UserWarning: Using pre-existing code for StreamingDataflowPartition_1_Thresholding_Batch_3
[2022-01-27 19:32:12,738]   warnings.warn("Using pre-existing code for %s" % node.name)
[2022-01-27 19:32:12,738] /workspace/finn/src/finn/transformation/fpgadataflow/prepare_ip.py:57: UserWarning: Using pre-existing code for StreamingDataflowPartition_1_StreamingFCLayer_Batch_3
[2022-01-27 19:32:12,738]   warnings.warn("Using pre-existing code for %s" % node.name)
[2022-01-27 19:32:12,885] /workspace/finn/src/finn/transformation/fpgadataflow/hlssynth_ip.py:71: UserWarning: Using pre-existing IP for StreamingDataflowPartition_1_StreamingFCLayer_Batch_3
[2022-01-27 19:32:12,885]   warnings.warn("Using pre-existing IP for %s" % node.name)
[2022-01-27 19:32:12,885] /workspace/finn/src/finn/transformation/fpgadataflow/hlssynth_ip.py:71: UserWarning: Using pre-existing IP for StreamingDataflowPartition_1_Thresholding_Batch_3
[2022-01-27 19:32:12,886]   warnings.warn("Using pre-existing IP for %s" % node.name)
[2022-01-27 19:32:12,886] /workspace/finn/src/finn/transformation/fpgadataflow/hlssynth_ip.py:71: UserWarning: Using pre-existing IP for StreamingDataflowPartition_1_StreamingDataWidthConverter_Batch_12
[2022-01-27 19:32:12,886]   warnings.warn("Using pre-existing IP for %s" % node.name)
[2022-01-27 19:32:12,886] /workspace/finn/src/finn/transformation/fpgadataflow/hlssynth_ip.py:71: UserWarning: Using pre-existing IP for StreamingDataflowPartition_1_StreamingMaxPool_Batch_3
[2022-01-27 19:32:12,886]   warnings.warn("Using pre-existing IP for %s" % node.name)
[2022-01-27 19:32:12,887] /workspace/finn/src/finn/transformation/fpgadataflow/hlssynth_ip.py:71: UserWarning: Using pre-existing IP for StreamingDataflowPartition_1_StreamingDataWidthConverter_Batch_11
[2022-01-27 19:32:12,887]   warnings.warn("Using pre-existing IP for %s" % node.name)
[2022-01-27 19:32:12,887] /workspace/finn/src/finn/transformation/fpgadataflow/hlssynth_ip.py:71: UserWarning: Using pre-existing IP for StreamingDataflowPartition_1_StreamingFIFO_3
[2022-01-27 19:32:12,887]   warnings.warn("Using pre-existing IP for %s" % node.name)
[2022-01-27 19:32:12,887] /workspace/finn/src/finn/transformation/fpgadataflow/hlssynth_ip.py:71: UserWarning: Using pre-existing IP for StreamingDataflowPartition_1_StreamingFCLayer_Batch_2
[2022-01-27 19:32:12,887]   warnings.warn("Using pre-existing IP for %s" % node.name)
[2022-01-27 19:32:12,887] /workspace/finn/src/finn/transformation/fpgadataflow/hlssynth_ip.py:71: UserWarning: Using pre-existing IP for StreamingDataflowPartition_1_StreamingDataWidthConverter_Batch_10
[2022-01-27 19:32:12,887] /workspace/finn/src/finn/transformation/fpgadataflow/hlssynth_ip.py:71: UserWarning: Using pre-existing IP for StreamingDataflowPartition_1_ConvolutionInputGenerator1D_2
[2022-01-27 19:32:12,887]   warnings.warn("Using pre-existing IP for %s" % node.name)
[2022-01-27 19:32:12,887]   warnings.warn("Using pre-existing IP for %s" % node.name)
[2022-01-27 19:32:12,887] /workspace/finn/src/finn/transformation/fpgadataflow/hlssynth_ip.py:71: UserWarning: Using pre-existing IP for StreamingDataflowPartition_1_StreamingDataWidthConverter_Batch_9
[2022-01-27 19:32:12,888]   warnings.warn("Using pre-existing IP for %s" % node.name)
[2022-01-27 19:32:12,888] /workspace/finn/src/finn/transformation/fpgadataflow/hlssynth_ip.py:71: UserWarning: Using pre-existing IP for StreamingDataflowPartition_1_Thresholding_Batch_2
[2022-01-27 19:32:12,888]   warnings.warn("Using pre-existing IP for %s" % node.name)
[2022-01-27 19:32:12,888] /workspace/finn/src/finn/transformation/fpgadataflow/hlssynth_ip.py:71: UserWarning: Using pre-existing IP for StreamingDataflowPartition_1_StreamingDataWidthConverter_Batch_8
[2022-01-27 19:32:12,888] /workspace/finn/src/finn/transformation/fpgadataflow/hlssynth_ip.py:71: UserWarning: Using pre-existing IP for StreamingDataflowPartition_1_StreamingMaxPool_Batch_2
[2022-01-27 19:32:12,888]   warnings.warn("Using pre-existing IP for %s" % node.name)
[2022-01-27 19:32:12,888]   warnings.warn("Using pre-existing IP for %s" % node.name)
[2022-01-27 19:32:12,888] /workspace/finn/src/finn/transformation/fpgadataflow/hlssynth_ip.py:71: UserWarning: Using pre-existing IP for StreamingDataflowPartition_1_StreamingDataWidthConverter_Batch_7
[2022-01-27 19:32:12,888]   warnings.warn("Using pre-existing IP for %s" % node.name)
[2022-01-27 19:32:12,888] /workspace/finn/src/finn/transformation/fpgadataflow/hlssynth_ip.py:71: UserWarning: Using pre-existing IP for StreamingDataflowPartition_1_StreamingFIFO_2
[2022-01-27 19:32:12,888] /workspace/finn/src/finn/transformation/fpgadataflow/hlssynth_ip.py:71: UserWarning: Using pre-existing IP for StreamingDataflowPartition_1_StreamingFCLayer_Batch_1
[2022-01-27 19:32:12,888]   warnings.warn("Using pre-existing IP for %s" % node.name)
[2022-01-27 19:32:12,889]   warnings.warn("Using pre-existing IP for %s" % node.name)
[2022-01-27 19:32:12,889] /workspace/finn/src/finn/transformation/fpgadataflow/hlssynth_ip.py:71: UserWarning: Using pre-existing IP for StreamingDataflowPartition_1_StreamingDataWidthConverter_Batch_6
[2022-01-27 19:32:12,889]   warnings.warn("Using pre-existing IP for %s" % node.name)
[2022-01-27 19:32:12,889] /workspace/finn/src/finn/transformation/fpgadataflow/hlssynth_ip.py:71: UserWarning: Using pre-existing IP for StreamingDataflowPartition_1_StreamingDataWidthConverter_Batch_5
[2022-01-27 19:32:12,889]   warnings.warn("Using pre-existing IP for %s" % node.name)
[2022-01-27 19:32:12,889] /workspace/finn/src/finn/transformation/fpgadataflow/hlssynth_ip.py:71: UserWarning: Using pre-existing IP for StreamingDataflowPartition_1_ConvolutionInputGenerator1D_1
[2022-01-27 19:32:12,889]   warnings.warn("Using pre-existing IP for %s" % node.name)
[2022-01-27 19:32:12,889] /workspace/finn/src/finn/transformation/fpgadataflow/hlssynth_ip.py:71: UserWarning: Using pre-existing IP for StreamingDataflowPartition_1_Thresholding_Batch_1
[2022-01-27 19:32:12,889]   warnings.warn("Using pre-existing IP for %s" % node.name)
[2022-01-27 19:32:12,890] /workspace/finn/src/finn/transformation/fpgadataflow/hlssynth_ip.py:71: UserWarning: Using pre-existing IP for StreamingDataflowPartition_1_StreamingMaxPool_Batch_1
[2022-01-27 19:32:12,890] /workspace/finn/src/finn/transformation/fpgadataflow/hlssynth_ip.py:71: UserWarning: Using pre-existing IP for StreamingDataflowPartition_1_StreamingDataWidthConverter_Batch_4
[2022-01-27 19:32:12,890]   warnings.warn("Using pre-existing IP for %s" % node.name)
[2022-01-27 19:32:12,890]   warnings.warn("Using pre-existing IP for %s" % node.name)
[2022-01-27 19:32:12,890] /workspace/finn/src/finn/transformation/fpgadataflow/hlssynth_ip.py:71: UserWarning: Using pre-existing IP for StreamingDataflowPartition_1_StreamingDataWidthConverter_Batch_3
[2022-01-27 19:32:12,890] /workspace/finn/src/finn/transformation/fpgadataflow/hlssynth_ip.py:71: UserWarning: Using pre-existing IP for StreamingDataflowPartition_1_StreamingFCLayer_Batch_0
[2022-01-27 19:32:12,890]   warnings.warn("Using pre-existing IP for %s" % node.name)
[2022-01-27 19:32:12,890]   warnings.warn("Using pre-existing IP for %s" % node.name)
[2022-01-27 19:32:12,890] /workspace/finn/src/finn/transformation/fpgadataflow/hlssynth_ip.py:71: UserWarning: Using pre-existing IP for StreamingDataflowPartition_1_StreamingFIFO_1
[2022-01-27 19:32:12,890]   warnings.warn("Using pre-existing IP for %s" % node.name)
[2022-01-27 19:32:12,890] /workspace/finn/src/finn/transformation/fpgadataflow/hlssynth_ip.py:71: UserWarning: Using pre-existing IP for StreamingDataflowPartition_1_StreamingDataWidthConverter_Batch_2
[2022-01-27 19:32:12,891]   warnings.warn("Using pre-existing IP for %s" % node.name)
[2022-01-27 19:32:12,891] /workspace/finn/src/finn/transformation/fpgadataflow/hlssynth_ip.py:71: UserWarning: Using pre-existing IP for StreamingDataflowPartition_1_ConvolutionInputGenerator1D_0
[2022-01-27 19:32:12,891]   warnings.warn("Using pre-existing IP for %s" % node.name)
[2022-01-27 19:32:12,891] /workspace/finn/src/finn/transformation/fpgadataflow/hlssynth_ip.py:71: UserWarning: Using pre-existing IP for StreamingDataflowPartition_1_StreamingDataWidthConverter_Batch_1
[2022-01-27 19:32:12,891]   warnings.warn("Using pre-existing IP for %s" % node.name)
[2022-01-27 19:32:12,891] /workspace/finn/src/finn/transformation/fpgadataflow/hlssynth_ip.py:71: UserWarning: Using pre-existing IP for StreamingDataflowPartition_1_Thresholding_Batch_0
[2022-01-27 19:32:12,891]   warnings.warn("Using pre-existing IP for %s" % node.name)
[2022-01-27 19:32:12,891] /workspace/finn/src/finn/transformation/fpgadataflow/hlssynth_ip.py:71: UserWarning: Using pre-existing IP for StreamingDataflowPartition_1_StreamingDataWidthConverter_Batch_0
[2022-01-27 19:32:12,891]   warnings.warn("Using pre-existing IP for %s" % node.name)
[2022-01-27 19:32:12,891] /workspace/finn/src/finn/transformation/fpgadataflow/hlssynth_ip.py:71: UserWarning: Using pre-existing IP for StreamingDataflowPartition_1_StreamingMaxPool_Batch_0
[2022-01-27 19:32:12,891]   warnings.warn("Using pre-existing IP for %s" % node.name)
[2022-01-27 19:32:12,892] /workspace/finn/src/finn/transformation/fpgadataflow/hlssynth_ip.py:71: UserWarning: Using pre-existing IP for StreamingDataflowPartition_1_StreamingFIFO_0
[2022-01-27 19:32:12,892]   warnings.warn("Using pre-existing IP for %s" % node.name)
[2022-01-27 20:31:14,359] Bitfile written into output_final/bitfile
[2022-01-27 20:31:14,360] Running step: step_make_pynq_driver [16/17]
[2022-01-27 20:31:15,401] PYNQ Python driver written into output_final/driver
[2022-01-27 20:31:15,401] Running step: step_deployment_package [17/17]
